00:00:00.037947 VirtualBox DHCP Server 6.1.4 r136177 win.amd64 (Feb 18 2020 17:18:57) release log
00:00:00.037951 Log opened 2020-04-11T05:19:44.597125000Z
00:00:00.037952 Build Type: release
00:00:00.037958 OS Product: Windows 10
00:00:00.037959 OS Release: 10.0.17763
00:00:00.037960 OS Service Pack: 
00:00:00.359960 DMI Product Name: Swift SF314-41
00:00:00.378015 DMI Product Version: V1.02
00:00:00.378025 Firmware type: UEFI
00:00:00.378555 Secure Boot: VERR_PRIVILEGE_NOT_HELD
00:00:00.378577 Host RAM: 3514MB (3.4GB) total, 138MB available
00:00:00.378582 Executable: C:\Program Files\Oracle\VirtualBox\VBoxNetDHCP.exe
00:00:00.378583 Process ID: 22056
00:00:00.378584 Package type: WINDOWS_64BITS_GENERIC
00:00:00.378765 --config:  HostInterfaceNetworking-VirtualBox Host-Only Ethernet Adapter
00:00:00.378783 --comment: HostInterfaceNetworking-VirtualBox Host-Only Ethernet Adapter
00:00:00.866121 IP address:   192.168.56.100/24
00:00:00.866243 Address pool: 192.168.56.101 - 192.168.56.254
00:00:00.866497 MAC address is not specified: will use generated MAC 08:00:27:d2:4c:cd
00:00:00.866543 Db::i_enterFixedAddressAssignment: 08:00:27:d2:4c:cd: 192.168.56.100
00:00:00.866583 loading leases from C:\Users\brina\.VirtualBox\HostInterfaceNetworking-VirtualBox Host-Only Ethernet Adapter-Dhcpd.leases
00:00:00.875194 > LOAD: EXPIRED lease 192.168.56.101 to 08:00:27:d8:dd:3c, expired, valid from 2020-04-07T14:18:12Z for 600s until 2020-04-07T14:28:12Z
00:00:23.429574 DISCOVER xid 0x6b1bb0e5 chaddr 08:00:27:d8:dd:3c
00:00:23.429659  ciaddr 0.0.0.0
00:00:23.429675  requested address 192.168.56.101
00:00:23.429694  params { 1 28 2 3 15 6 119 12 44 47 26 121 42 249 33 252 }
00:00:23.429820   12: 'shabrina-VirtualBox'
00:00:23.429861 > allocateAddress 192.168.56.101 to client 08:00:27:d8:dd:3c
00:00:23.429880 > ... found existing binding 192.168.56.101 to 08:00:27:d8:dd:3c, expired, valid from 2020-04-07T14:18:12Z for 600s until 2020-04-07T14:28:12Z
00:00:23.429900 Lease time 600 secs (default)
00:00:23.429917 >>> requested option 1 (SubnetMask)
00:00:23.429927 ... always supplied
00:00:23.429936 >>> requested option 28 (BroadcastAddress)
00:00:23.429945 ... not found
00:00:23.429954 >>> requested option 2 (TimeOffset)
00:00:23.429963 ... not found
00:00:23.429972 >>> requested option 3 (Routers)
00:00:23.429981 ... not found
00:00:23.429989 >>> requested option 15 (DomainName)
00:00:23.429998 ... not found
00:00:23.430005 >>> requested option 6 (DNSes)
00:00:23.430013 ... not found
00:00:23.430019 >>> requested option 119 (DomainSearch)
00:00:23.430028 ... not found
00:00:23.430037 >>> requested option 12 (HostName)
00:00:23.430046 ... not found
00:00:23.430054 >>> requested option 44 (NetBIOSNameServers)
00:00:23.430071 ... not found
00:00:23.430080 >>> requested option 47 (NetBIOSScope)
00:00:23.430089 ... not found
00:00:23.430097 >>> requested option 26 (InterfaceMTU)
00:00:23.430106 ... not found
00:00:23.430115 >>> requested option 121 (unknown)
00:00:23.430124 ... not found
00:00:23.430133 >>> requested option 42 (NTPServers)
00:00:23.430141 ... not found
00:00:23.430150 >>> requested option 249 (unknown)
00:00:23.430159 ... not found
00:00:23.430167 >>> requested option 33 (StaticRoute)
00:00:23.430176 ... not found
00:00:23.430185 >>> requested option 252 (unknown)
00:00:23.430193 ... not found
00:00:23.430211 encoding option 1 (SubnetMask)
00:00:23.430220 encoding option 51 (LeaseTime)
00:00:23.430232 OFFER xid 0x6b1bb0e5 chaddr 08:00:27:d8:dd:3c
00:00:23.430259  ciaddr 0.0.0.0 yiaddr 192.168.56.101
00:00:23.430286 encoded message: 548 bytes
00:00:23.430288 000000000185c900/0000: 02 01 06 00 e5 b0 1b 6b-00 00 00 00 00 00 00 00 .......k........
00:00:23.430634 000000000185c910/0010: c0 a8 38 65 00 00 00 00-00 00 00 00 08 00 27 d8 ..8e..........'.
00:00:23.430638 000000000185c920/0020: dd 3c 00 00 00 00 00 00-00 00 00 00 00 00 00 00 .<..............
00:00:23.430641 000000000185c930/0030: 00 00 00 00 00 00 00 00-00 00 00 00 00 00 00 00 ................
00:00:23.430643 000000000185c940/0040: 00 00 00 00 00 00 00 00-00 00 00 00 00 00 00 00 ................
00:00:23.430646 000000000185c950/0050: 00 00 00 00 00 00 00 00-00 00 00 00 00 00 00 00 ................
00:00:23.430648 000000000185c960/0060: 00 00 00 00 00 00 00 00-00 00 00 00 00 00 00 00 ................
00:00:23.430650 000000000185c970/0070: 00 00 00 00 00 00 00 00-00 00 00 00 00 00 00 00 ................
00:00:23.430653 000000000185c980/0080: 00 00 00 00 00 00 00 00-00 00 00 00 00 00 00 00 ................
00:00:23.430655 000000000185c990/0090: 00 00 00 00 00 00 00 00-00 00 00 00 00 00 00 00 ................
00:00:23.430657 000000000185c9a0/00a0: 00 00 00 00 00 00 00 00-00 00 00 00 00 00 00 00 ................
00:00:23.430659 000000000185c9b0/00b0: 00 00 00 00 00 00 00 00-00 00 00 00 00 00 00 00 ................
00:00:23.430662 000000000185c9c0/00c0: 00 00 00 00 00 00 00 00-00 00 00 00 00 00 00 00 ................
00:00:23.430664 000000000185c9d0/00d0: 00 00 00 00 00 00 00 00-00 00 00 00 00 00 00 00 ................
00:00:23.430666 000000000185c9e0/00e0: 00 00 00 00 00 00 00 00-00 00 00 00 63 82 53 63 ............c.Sc
00:00:23.430668 000000000185c9f0/00f0: 36 04 c0 a8 38 64 35 01-02 01 04 ff ff ff 00 33 6...8d5........3
00:00:23.430671 000000000185ca00/0100: 04 00 00 02 58 ff 00 00-00 00 00 00 00 00 00 00 ....X...........
00:00:23.430673 000000000185ca10/0110: 00 00 00 00 00 00 00 00-00 00 00 00 00 00 00 00 ................
00:00:23.430675 000000000185ca20/0120: 00 00 00 00 00 00 00 00-00 00 00 00 00 00 00 00 ................
00:00:23.430678 000000000185ca30/0130: 00 00 00 00 00 00 00 00-00 00 00 00 00 00 00 00 ................
00:00:23.430680 000000000185ca40/0140: 00 00 00 00 00 00 00 00-00 00 00 00 00 00 00 00 ................
00:00:23.430682 000000000185ca50/0150: 00 00 00 00 00 00 00 00-00 00 00 00 00 00 00 00 ................
00:00:23.430684 000000000185ca60/0160: 00 00 00 00 00 00 00 00-00 00 00 00 00 00 00 00 ................
00:00:23.430686 000000000185ca70/0170: 00 00 00 00 00 00 00 00-00 00 00 00 00 00 00 00 ................
00:00:23.430689 000000000185ca80/0180: 00 00 00 00 00 00 00 00-00 00 00 00 00 00 00 00 ................
00:00:23.430691 000000000185ca90/0190: 00 00 00 00 00 00 00 00-00 00 00 00 00 00 00 00 ................
00:00:23.430693 000000000185caa0/01a0: 00 00 00 00 00 00 00 00-00 00 00 00 00 00 00 00 ................
00:00:23.430695 000000000185cab0/01b0: 00 00 00 00 00 00 00 00-00 00 00 00 00 00 00 00 ................
00:00:23.430697 000000000185cac0/01c0: 00 00 00 00 00 00 00 00-00 00 00 00 00 00 00 00 ................
00:00:23.430700 000000000185cad0/01d0: 00 00 00 00 00 00 00 00-00 00 00 00 00 00 00 00 ................
00:00:23.430702 000000000185cae0/01e0: 00 00 00 00 00 00 00 00-00 00 00 00 00 00 00 00 ................
00:00:23.430704 000000000185caf0/01f0: 00 00 00 00 00 00 00 00-00 00 00 00 00 00 00 00 ................
00:00:23.430706 000000000185cb00/0200: 00 00 00 00 00 00 00 00-00 00 00 00 00 00 00 00 ................
00:00:23.430708 000000000185cb10/0210: 00 00 00 00 00 00 00 00-00 00 00 00 00 00 00 00 ................
00:00:23.430711 000000000185cb20/0220: 00 00 00 00                                     ....
00:00:23.437744 REQUEST xid 0x6b1bb0e5 chaddr 08:00:27:d8:dd:3c
00:00:23.438096  ciaddr 0.0.0.0
00:00:23.438142  for server 192.168.56.100 requested address 192.168.56.101
00:00:23.438198  params { 1 28 2 3 15 6 119 12 44 47 26 121 42 249 33 252 }
00:00:23.438411   12: 'shabrina-VirtualBox'
00:00:23.438423   54: c0 a8 38 64
00:00:23.438447 > allocateAddress 192.168.56.101 to client 08:00:27:d8:dd:3c
00:00:23.438468 > ... found existing binding 192.168.56.101 to 08:00:27:d8:dd:3c, offered, valid from 2020-04-11T05:20:07Z for 600s until 2020-04-11T05:30:07Z
00:00:23.438498 Lease time 600 secs (default)
00:00:23.438518 writing leases to C:\Users\brina\.VirtualBox\HostInterfaceNetworking-VirtualBox Host-Only Ethernet Adapter-Dhcpd.leases
00:00:23.470291 >>> requested option 1 (SubnetMask)
00:00:23.470328 ... always supplied
00:00:23.470338 >>> requested option 28 (BroadcastAddress)
00:00:23.470408 ... not found
00:00:23.470423 >>> requested option 2 (TimeOffset)
00:00:23.470431 ... not found
00:00:23.470439 >>> requested option 3 (Routers)
00:00:23.470447 ... not found
00:00:23.470455 >>> requested option 15 (DomainName)
00:00:23.470463 ... not found
00:00:23.470470 >>> requested option 6 (DNSes)
00:00:23.470479 ... not found
00:00:23.470486 >>> requested option 119 (DomainSearch)
00:00:23.470495 ... not found
00:00:23.470503 >>> requested option 12 (HostName)
00:00:23.470510 ... not found
00:00:23.470518 >>> requested option 44 (NetBIOSNameServers)
00:00:23.470526 ... not found
00:00:23.470534 >>> requested option 47 (NetBIOSScope)
00:00:23.470541 ... not found
00:00:23.470549 >>> requested option 26 (InterfaceMTU)
00:00:23.470556 ... not found
00:00:23.470564 >>> requested option 121 (unknown)
00:00:23.470572 ... not found
00:00:23.470579 >>> requested option 42 (NTPServers)
00:00:23.470587 ... not found
00:00:23.470594 >>> requested option 249 (unknown)
00:00:23.470602 ... not found
00:00:23.470609 >>> requested option 33 (StaticRoute)
00:00:23.470617 ... not found
00:00:23.470624 >>> requested option 252 (unknown)
00:00:23.470632 ... not found
00:00:23.470652 encoding option 1 (SubnetMask)
00:00:23.470661 encoding option 51 (LeaseTime)
00:00:23.470672 ACK xid 0x6b1bb0e5 chaddr 08:00:27:d8:dd:3c
00:00:23.470697  ciaddr 0.0.0.0 yiaddr 192.168.56.101
00:00:23.470721 encoded message: 548 bytes
00:00:23.470723 000000000185c900/0000: 02 01 06 00 e5 b0 1b 6b-00 00 00 00 00 00 00 00 .......k........
00:00:23.470727 000000000185c910/0010: c0 a8 38 65 00 00 00 00-00 00 00 00 08 00 27 d8 ..8e..........'.
00:00:23.470729 000000000185c920/0020: dd 3c 00 00 00 00 00 00-00 00 00 00 00 00 00 00 .<..............
00:00:23.470732 000000000185c930/0030: 00 00 00 00 00 00 00 00-00 00 00 00 00 00 00 00 ................
00:00:23.470734 000000000185c940/0040: 00 00 00 00 00 00 00 00-00 00 00 00 00 00 00 00 ................
00:00:23.470736 000000000185c950/0050: 00 00 00 00 00 00 00 00-00 00 00 00 00 00 00 00 ................
00:00:23.470738 000000000185c960/0060: 00 00 00 00 00 00 00 00-00 00 00 00 00 00 00 00 ................
00:00:23.470740 000000000185c970/0070: 00 00 00 00 00 00 00 00-00 00 00 00 00 00 00 00 ................
00:00:23.470742 000000000185c980/0080: 00 00 00 00 00 00 00 00-00 00 00 00 00 00 00 00 ................
00:00:23.470745 000000000185c990/0090: 00 00 00 00 00 00 00 00-00 00 00 00 00 00 00 00 ................
00:00:23.470747 000000000185c9a0/00a0: 00 00 00 00 00 00 00 00-00 00 00 00 00 00 00 00 ................
00:00:23.470749 000000000185c9b0/00b0: 00 00 00 00 00 00 00 00-00 00 00 00 00 00 00 00 ................
00:00:23.470751 000000000185c9c0/00c0: 00 00 00 00 00 00 00 00-00 00 00 00 00 00 00 00 ................
00:00:23.470753 000000000185c9d0/00d0: 00 00 00 00 00 00 00 00-00 00 00 00 00 00 00 00 ................
00:00:23.470755 000000000185c9e0/00e0: 00 00 00 00 00 00 00 00-00 00 00 00 63 82 53 63 ............c.Sc
00:00:23.470757 000000000185c9f0/00f0: 36 04 c0 a8 38 64 35 01-05 01 04 ff ff ff 00 33 6...8d5........3
00:00:23.470760 000000000185ca00/0100: 04 00 00 02 58 ff 00 00-00 00 00 00 00 00 00 00 ....X...........
00:00:23.470762 000000000185ca10/0110: 00 00 00 00 00 00 00 00-00 00 00 00 00 00 00 00 ................
00:00:23.470764 000000000185ca20/0120: 00 00 00 00 00 00 00 00-00 00 00 00 00 00 00 00 ................
00:00:23.470766 000000000185ca30/0130: 00 00 00 00 00 00 00 00-00 00 00 00 00 00 00 00 ................
00:00:23.470768 000000000185ca40/0140: 00 00 00 00 00 00 00 00-00 00 00 00 00 00 00 00 ................
00:00:23.470770 000000000185ca50/0150: 00 00 00 00 00 00 00 00-00 00 00 00 00 00 00 00 ................
00:00:23.470772 000000000185ca60/0160: 00 00 00 00 00 00 00 00-00 00 00 00 00 00 00 00 ................
00:00:23.470775 000000000185ca70/0170: 00 00 00 00 00 00 00 00-00 00 00 00 00 00 00 00 ................
00:00:23.470777 000000000185ca80/0180: 00 00 00 00 00 00 00 00-00 00 00 00 00 00 00 00 ................
00:00:23.470779 000000000185ca90/0190: 00 00 00 00 00 00 00 00-00 00 00 00 00 00 00 00 ................
00:00:23.470781 000000000185caa0/01a0: 00 00 00 00 00 00 00 00-00 00 00 00 00 00 00 00 ................
00:00:23.470783 000000000185cab0/01b0: 00 00 00 00 00 00 00 00-00 00 00 00 00 00 00 00 ................
00:00:23.470785 000000000185cac0/01c0: 00 00 00 00 00 00 00 00-00 00 00 00 00 00 00 00 ................
00:00:23.470787 000000000185cad0/01d0: 00 00 00 00 00 00 00 00-00 00 00 00 00 00 00 00 ................
00:00:23.470789 000000000185cae0/01e0: 00 00 00 00 00 00 00 00-00 00 00 00 00 00 00 00 ................
00:00:23.470791 000000000185caf0/01f0: 00 00 00 00 00 00 00 00-00 00 00 00 00 00 00 00 ................
00:00:23.470794 000000000185cb00/0200: 00 00 00 00 00 00 00 00-00 00 00 00 00 00 00 00 ................
00:00:23.470796 000000000185cb10/0210: 00 00 00 00 00 00 00 00-00 00 00 00 00 00 00 00 ................
00:00:23.470798 000000000185cb20/0220: 00 00 00 00                                     ....
00:04:12.514522 REQUEST xid 0x6b1bb0e5 chaddr 08:00:27:d8:dd:3c
00:04:12.523401  ciaddr 192.168.56.101
00:04:12.523833  params { 1 28 2 3 15 6 119 12 44 47 26 121 42 249 33 252 }
00:04:12.524180   12: 'shabrina-VirtualBox'
00:04:12.524404 > allocateAddress to client 08:00:27:d8:dd:3c
00:04:12.524862 > ... found existing binding 192.168.56.101 to 08:00:27:d8:dd:3c, acked, valid from 2020-04-11T05:20:07Z for 600s until 2020-04-11T05:30:07Z
00:04:12.531497 Lease time 600 secs (default)
00:04:12.531639 writing leases to C:\Users\brina\.VirtualBox\HostInterfaceNetworking-VirtualBox Host-Only Ethernet Adapter-Dhcpd.leases
00:04:12.622316 >>> requested option 1 (SubnetMask)
00:04:12.622377 ... always supplied
00:04:12.622388 >>> requested option 28 (BroadcastAddress)
00:04:12.622400 ... not found
00:04:12.622407 >>> requested option 2 (TimeOffset)
00:04:12.622417 ... not found
00:04:12.622425 >>> requested option 3 (Routers)
00:04:12.622434 ... not found
00:04:12.622442 >>> requested option 15 (DomainName)
00:04:12.622449 ... not found
00:04:12.622457 >>> requested option 6 (DNSes)
00:04:12.622464 ... not found
00:04:12.622471 >>> requested option 119 (DomainSearch)
00:04:12.622480 ... not found
00:04:12.622488 >>> requested option 12 (HostName)
00:04:12.622495 ... not found
00:04:12.622504 >>> requested option 44 (NetBIOSNameServers)
00:04:12.622512 ... not found
00:04:12.622518 >>> requested option 47 (NetBIOSScope)
00:04:12.622525 ... not found
00:04:12.622534 >>> requested option 26 (InterfaceMTU)
00:04:12.622541 ... not found
00:04:12.622548 >>> requested option 121 (unknown)
00:04:12.622557 ... not found
00:04:12.622565 >>> requested option 42 (NTPServers)
00:04:12.622573 ... not found
00:04:12.622584 >>> requested option 249 (unknown)
00:04:12.622592 ... not found
00:04:12.622599 >>> requested option 33 (StaticRoute)
00:04:12.622607 ... not found
00:04:12.622615 >>> requested option 252 (unknown)
00:04:12.622621 ... not found
00:04:12.623206 encoding option 1 (SubnetMask)
00:04:12.623306 encoding option 51 (LeaseTime)
00:04:12.623516 ACK xid 0x6b1bb0e5 chaddr 08:00:27:d8:dd:3c
00:04:12.623606  ciaddr 192.168.56.101 yiaddr 192.168.56.101
00:04:12.623645 encoded message: 548 bytes
00:04:12.623656 0000000001836ef0/0000: 02 01 06 00 e5 b0 1b 6b-00 00 00 00 c0 a8 38 65 .......k......8e
00:04:12.624438 0000000001836f00/0010: c0 a8 38 65 00 00 00 00-00 00 00 00 08 00 27 d8 ..8e..........'.
00:04:12.624445 0000000001836f10/0020: dd 3c 00 00 00 00 00 00-00 00 00 00 00 00 00 00 .<..............
00:04:12.624449 0000000001836f20/0030: 00 00 00 00 00 00 00 00-00 00 00 00 00 00 00 00 ................
00:04:12.624452 0000000001836f30/0040: 00 00 00 00 00 00 00 00-00 00 00 00 00 00 00 00 ................
00:04:12.624456 0000000001836f40/0050: 00 00 00 00 00 00 00 00-00 00 00 00 00 00 00 00 ................
00:04:12.624459 0000000001836f50/0060: 00 00 00 00 00 00 00 00-00 00 00 00 00 00 00 00 ................
00:04:12.624462 0000000001836f60/0070: 00 00 00 00 00 00 00 00-00 00 00 00 00 00 00 00 ................
00:04:12.624465 0000000001836f70/0080: 00 00 00 00 00 00 00 00-00 00 00 00 00 00 00 00 ................
00:04:12.624469 0000000001836f80/0090: 00 00 00 00 00 00 00 00-00 00 00 00 00 00 00 00 ................
00:04:12.624472 0000000001836f90/00a0: 00 00 00 00 00 00 00 00-00 00 00 00 00 00 00 00 ................
00:04:12.624475 0000000001836fa0/00b0: 00 00 00 00 00 00 00 00-00 00 00 00 00 00 00 00 ................
00:04:12.624491 0000000001836fb0/00c0: 00 00 00 00 00 00 00 00-00 00 00 00 00 00 00 00 ................
00:04:12.624494 0000000001836fc0/00d0: 00 00 00 00 00 00 00 00-00 00 00 00 00 00 00 00 ................
00:04:12.624497 0000000001836fd0/00e0: 00 00 00 00 00 00 00 00-00 00 00 00 63 82 53 63 ............c.Sc
00:04:12.624501 0000000001836fe0/00f0: 36 04 c0 a8 38 64 35 01-05 01 04 ff ff ff 00 33 6...8d5........3
00:04:12.624506 0000000001836ff0/0100: 04 00 00 02 58 ff 00 00-00 00 00 00 00 00 00 00 ....X...........
00:04:12.624509 0000000001837000/0110: 00 00 00 00 00 00 00 00-00 00 00 00 00 00 00 00 ................
00:04:12.624512 0000000001837010/0120: 00 00 00 00 00 00 00 00-00 00 00 00 00 00 00 00 ................
00:04:12.624515 0000000001837020/0130: 00 00 00 00 00 00 00 00-00 00 00 00 00 00 00 00 ................
00:04:12.624518 0000000001837030/0140: 00 00 00 00 00 00 00 00-00 00 00 00 00 00 00 00 ................
00:04:12.624522 0000000001837040/0150: 00 00 00 00 00 00 00 00-00 00 00 00 00 00 00 00 ................
00:04:12.624525 0000000001837050/0160: 00 00 00 00 00 00 00 00-00 00 00 00 00 00 00 00 ................
00:04:12.624528 0000000001837060/0170: 00 00 00 00 00 00 00 00-00 00 00 00 00 00 00 00 ................
00:04:12.624531 0000000001837070/0180: 00 00 00 00 00 00 00 00-00 00 00 00 00 00 00 00 ................
00:04:12.624534 0000000001837080/0190: 00 00 00 00 00 00 00 00-00 00 00 00 00 00 00 00 ................
00:04:12.624538 0000000001837090/01a0: 00 00 00 00 00 00 00 00-00 00 00 00 00 00 00 00 ................
00:04:12.624541 00000000018370a0/01b0: 00 00 00 00 00 00 00 00-00 00 00 00 00 00 00 00 ................
00:04:12.624548 00000000018370b0/01c0: 00 00 00 00 00 00 00 00-00 00 00 00 00 00 00 00 ................
00:04:12.624551 00000000018370c0/01d0: 00 00 00 00 00 00 00 00-00 00 00 00 00 00 00 00 ................
00:04:12.624554 00000000018370d0/01e0: 00 00 00 00 00 00 00 00-00 00 00 00 00 00 00 00 ................
00:04:12.624558 00000000018370e0/01f0: 00 00 00 00 00 00 00 00-00 00 00 00 00 00 00 00 ................
00:04:12.624562 00000000018370f0/0200: 00 00 00 00 00 00 00 00-00 00 00 00 00 00 00 00 ................
00:04:12.624565 0000000001837100/0210: 00 00 00 00 00 00 00 00-00 00 00 00 00 00 00 00 ................
00:04:12.624569 0000000001837110/0220: 00 00 00 00                                     ....
00:06:40.911853 REQUEST xid 0x6843cc6c chaddr 08:00:27:d8:dd:3c
00:06:40.913375  ciaddr 0.0.0.0
00:06:40.913397  requested address 192.168.56.101
00:06:40.913717  params { 1 28 2 3 15 6 119 12 44 47 26 121 42 249 33 252 }
00:06:40.913853   12: 'shabrina-VirtualBox'
00:06:40.914680 > allocateAddress 192.168.56.101 to client 08:00:27:d8:dd:3c
00:06:40.914839 > ... found existing binding 192.168.56.101 to 08:00:27:d8:dd:3c, acked, valid from 2020-04-11T05:23:57Z for 600s until 2020-04-11T05:33:57Z
00:06:40.915196 Lease time 600 secs (default)
00:06:40.915284 writing leases to C:\Users\brina\.VirtualBox\HostInterfaceNetworking-VirtualBox Host-Only Ethernet Adapter-Dhcpd.leases
00:06:40.933934 >>> requested option 1 (SubnetMask)
00:06:40.934005 ... always supplied
00:06:40.934017 >>> requested option 28 (BroadcastAddress)
00:06:40.934026 ... not found
00:06:40.934035 >>> requested option 2 (TimeOffset)
00:06:40.934044 ... not found
00:06:40.934052 >>> requested option 3 (Routers)
00:06:40.934061 ... not found
00:06:40.934069 >>> requested option 15 (DomainName)
00:06:40.934077 ... not found
00:06:40.934085 >>> requested option 6 (DNSes)
00:06:40.934093 ... not found
00:06:40.934108 >>> requested option 119 (DomainSearch)
00:06:40.934120 ... not found
00:06:40.934128 >>> requested option 12 (HostName)
00:06:40.934136 ... not found
00:06:40.934144 >>> requested option 44 (NetBIOSNameServers)
00:06:40.934152 ... not found
00:06:40.934160 >>> requested option 47 (NetBIOSScope)
00:06:40.934168 ... not found
00:06:40.934176 >>> requested option 26 (InterfaceMTU)
00:06:40.934184 ... not found
00:06:40.934192 >>> requested option 121 (unknown)
00:06:40.934200 ... not found
00:06:40.934208 >>> requested option 42 (NTPServers)
00:06:40.934216 ... not found
00:06:40.934224 >>> requested option 249 (unknown)
00:06:40.934232 ... not found
00:06:40.934240 >>> requested option 33 (StaticRoute)
00:06:40.934248 ... not found
00:06:40.934255 >>> requested option 252 (unknown)
00:06:40.934263 ... not found
00:06:40.934358 encoding option 1 (SubnetMask)
00:06:40.934373 encoding option 51 (LeaseTime)
00:06:40.935015 ACK xid 0x6843cc6c chaddr 08:00:27:d8:dd:3c
00:06:40.935140  ciaddr 0.0.0.0 yiaddr 192.168.56.101
00:06:40.935173 encoded message: 548 bytes
00:06:40.935184 000000000186c3d0/0000: 02 01 06 00 6c cc 43 68-00 00 00 00 00 00 00 00 ....l.Ch........
00:06:40.935189 000000000186c3e0/0010: c0 a8 38 65 00 00 00 00-00 00 00 00 08 00 27 d8 ..8e..........'.
00:06:40.935192 000000000186c3f0/0020: dd 3c 00 00 00 00 00 00-00 00 00 00 00 00 00 00 .<..............
00:06:40.935194 000000000186c400/0030: 00 00 00 00 00 00 00 00-00 00 00 00 00 00 00 00 ................
00:06:40.935197 000000000186c410/0040: 00 00 00 00 00 00 00 00-00 00 00 00 00 00 00 00 ................
00:06:40.935199 000000000186c420/0050: 00 00 00 00 00 00 00 00-00 00 00 00 00 00 00 00 ................
00:06:40.935201 000000000186c430/0060: 00 00 00 00 00 00 00 00-00 00 00 00 00 00 00 00 ................
00:06:40.935203 000000000186c440/0070: 00 00 00 00 00 00 00 00-00 00 00 00 00 00 00 00 ................
00:06:40.935206 000000000186c450/0080: 00 00 00 00 00 00 00 00-00 00 00 00 00 00 00 00 ................
00:06:40.935208 000000000186c460/0090: 00 00 00 00 00 00 00 00-00 00 00 00 00 00 00 00 ................
00:06:40.935210 000000000186c470/00a0: 00 00 00 00 00 00 00 00-00 00 00 00 00 00 00 00 ................
00:06:40.935212 000000000186c480/00b0: 00 00 00 00 00 00 00 00-00 00 00 00 00 00 00 00 ................
00:06:40.935246 000000000186c490/00c0: 00 00 00 00 00 00 00 00-00 00 00 00 00 00 00 00 ................
00:06:40.935250 000000000186c4a0/00d0: 00 00 00 00 00 00 00 00-00 00 00 00 00 00 00 00 ................
00:06:40.935252 000000000186c4b0/00e0: 00 00 00 00 00 00 00 00-00 00 00 00 63 82 53 63 ............c.Sc
00:06:40.935255 000000000186c4c0/00f0: 36 04 c0 a8 38 64 35 01-05 01 04 ff ff ff 00 33 6...8d5........3
00:06:40.935257 000000000186c4d0/0100: 04 00 00 02 58 ff 00 00-00 00 00 00 00 00 00 00 ....X...........
00:06:40.935260 000000000186c4e0/0110: 00 00 00 00 00 00 00 00-00 00 00 00 00 00 00 00 ................
00:06:40.935263 000000000186c4f0/0120: 00 00 00 00 00 00 00 00-00 00 00 00 00 00 00 00 ................
00:06:40.935265 000000000186c500/0130: 00 00 00 00 00 00 00 00-00 00 00 00 00 00 00 00 ................
00:06:40.935269 000000000186c510/0140: 00 00 00 00 00 00 00 00-00 00 00 00 00 00 00 00 ................
00:06:40.935271 000000000186c520/0150: 00 00 00 00 00 00 00 00-00 00 00 00 00 00 00 00 ................
00:06:40.935274 000000000186c530/0160: 00 00 00 00 00 00 00 00-00 00 00 00 00 00 00 00 ................
00:06:40.935277 000000000186c540/0170: 00 00 00 00 00 00 00 00-00 00 00 00 00 00 00 00 ................
00:06:40.935279 000000000186c550/0180: 00 00 00 00 00 00 00 00-00 00 00 00 00 00 00 00 ................
00:06:40.935281 000000000186c560/0190: 00 00 00 00 00 00 00 00-00 00 00 00 00 00 00 00 ................
00:06:40.935284 000000000186c570/01a0: 00 00 00 00 00 00 00 00-00 00 00 00 00 00 00 00 ................
00:06:40.935287 000000000186c580/01b0: 00 00 00 00 00 00 00 00-00 00 00 00 00 00 00 00 ................
00:06:40.935289 000000000186c590/01c0: 00 00 00 00 00 00 00 00-00 00 00 00 00 00 00 00 ................
00:06:40.935292 000000000186c5a0/01d0: 00 00 00 00 00 00 00 00-00 00 00 00 00 00 00 00 ................
00:06:40.935294 000000000186c5b0/01e0: 00 00 00 00 00 00 00 00-00 00 00 00 00 00 00 00 ................
00:06:40.935297 000000000186c5c0/01f0: 00 00 00 00 00 00 00 00-00 00 00 00 00 00 00 00 ................
00:06:40.935300 000000000186c5d0/0200: 00 00 00 00 00 00 00 00-00 00 00 00 00 00 00 00 ................
00:06:40.935303 000000000186c5e0/0210: 00 00 00 00 00 00 00 00-00 00 00 00 00 00 00 00 ................
00:06:40.935306 000000000186c5f0/0220: 00 00 00 00                                     ....
00:42:05.450806 DISCOVER xid 0x2b27c5a1 chaddr 08:00:27:d8:dd:3c
00:42:05.451438  ciaddr 0.0.0.0
00:42:05.451458  requested address 192.168.56.101
00:42:05.451485  params { 1 28 2 3 15 6 119 12 44 47 26 121 42 249 33 252 }
00:42:05.451626   12: 'shabrina-VirtualBox'
00:42:05.451638 > allocateAddress 192.168.56.101 to client 08:00:27:d8:dd:3c
00:42:05.451653 > ... found existing binding 192.168.56.101 to 08:00:27:d8:dd:3c, expired, valid from 2020-04-11T05:26:25Z for 600s until 2020-04-11T05:36:25Z
00:42:05.451670 Lease time 600 secs (default)
00:42:05.451683 >>> requested option 1 (SubnetMask)
00:42:05.451691 ... always supplied
00:42:05.451697 >>> requested option 28 (BroadcastAddress)
00:42:05.451704 ... not found
00:42:05.451711 >>> requested option 2 (TimeOffset)
00:42:05.451717 ... not found
00:42:05.451724 >>> requested option 3 (Routers)
00:42:05.451731 ... not found
00:42:05.451737 >>> requested option 15 (DomainName)
00:42:05.451744 ... not found
00:42:05.451750 >>> requested option 6 (DNSes)
00:42:05.451757 ... not found
00:42:05.451763 >>> requested option 119 (DomainSearch)
00:42:05.451770 ... not found
00:42:05.451777 >>> requested option 12 (HostName)
00:42:05.451784 ... not found
00:42:05.451790 >>> requested option 44 (NetBIOSNameServers)
00:42:05.451797 ... not found
00:42:05.451803 >>> requested option 47 (NetBIOSScope)
00:42:05.451810 ... not found
00:42:05.451816 >>> requested option 26 (InterfaceMTU)
00:42:05.451823 ... not found
00:42:05.451829 >>> requested option 121 (unknown)
00:42:05.451836 ... not found
00:42:05.451843 >>> requested option 42 (NTPServers)
00:42:05.451849 ... not found
00:42:05.451856 >>> requested option 249 (unknown)
00:42:05.451862 ... not found
00:42:05.451869 >>> requested option 33 (StaticRoute)
00:42:05.451875 ... not found
00:42:05.451881 >>> requested option 252 (unknown)
00:42:05.451888 ... not found
00:42:05.451900 encoding option 1 (SubnetMask)
00:42:05.451908 encoding option 51 (LeaseTime)
00:42:05.451917 OFFER xid 0x2b27c5a1 chaddr 08:00:27:d8:dd:3c
00:42:05.451937  ciaddr 0.0.0.0 yiaddr 192.168.56.101
00:42:05.451957 encoded message: 548 bytes
00:42:05.451959 0000000001836ef0/0000: 02 01 06 00 a1 c5 27 2b-00 00 00 00 00 00 00 00 ......'+........
00:42:05.451962 0000000001836f00/0010: c0 a8 38 65 00 00 00 00-00 00 00 00 08 00 27 d8 ..8e..........'.
00:42:05.451964 0000000001836f10/0020: dd 3c 00 00 00 00 00 00-00 00 00 00 00 00 00 00 .<..............
00:42:05.451966 0000000001836f20/0030: 00 00 00 00 00 00 00 00-00 00 00 00 00 00 00 00 ................
00:42:05.451968 0000000001836f30/0040: 00 00 00 00 00 00 00 00-00 00 00 00 00 00 00 00 ................
00:42:05.451970 0000000001836f40/0050: 00 00 00 00 00 00 00 00-00 00 00 00 00 00 00 00 ................
00:42:05.451972 0000000001836f50/0060: 00 00 00 00 00 00 00 00-00 00 00 00 00 00 00 00 ................
00:42:05.451974 0000000001836f60/0070: 00 00 00 00 00 00 00 00-00 00 00 00 00 00 00 00 ................
00:42:05.451976 0000000001836f70/0080: 00 00 00 00 00 00 00 00-00 00 00 00 00 00 00 00 ................
00:42:05.451978 0000000001836f80/0090: 00 00 00 00 00 00 00 00-00 00 00 00 00 00 00 00 ................
00:42:05.451979 0000000001836f90/00a0: 00 00 00 00 00 00 00 00-00 00 00 00 00 00 00 00 ................
00:42:05.451981 0000000001836fa0/00b0: 00 00 00 00 00 00 00 00-00 00 00 00 00 00 00 00 ................
00:42:05.451983 0000000001836fb0/00c0: 00 00 00 00 00 00 00 00-00 00 00 00 00 00 00 00 ................
00:42:05.451985 0000000001836fc0/00d0: 00 00 00 00 00 00 00 00-00 00 00 00 00 00 00 00 ................
00:42:05.451987 0000000001836fd0/00e0: 00 00 00 00 00 00 00 00-00 00 00 00 63 82 53 63 ............c.Sc
00:42:05.451989 0000000001836fe0/00f0: 36 04 c0 a8 38 64 35 01-02 01 04 ff ff ff 00 33 6...8d5........3
00:42:05.451991 0000000001836ff0/0100: 04 00 00 02 58 ff 00 00-00 00 00 00 00 00 00 00 ....X...........
00:42:05.451993 0000000001837000/0110: 00 00 00 00 00 00 00 00-00 00 00 00 00 00 00 00 ................
00:42:05.451995 0000000001837010/0120: 00 00 00 00 00 00 00 00-00 00 00 00 00 00 00 00 ................
00:42:05.451996 0000000001837020/0130: 00 00 00 00 00 00 00 00-00 00 00 00 00 00 00 00 ................
00:42:05.451998 0000000001837030/0140: 00 00 00 00 00 00 00 00-00 00 00 00 00 00 00 00 ................
00:42:05.452000 0000000001837040/0150: 00 00 00 00 00 00 00 00-00 00 00 00 00 00 00 00 ................
00:42:05.452002 0000000001837050/0160: 00 00 00 00 00 00 00 00-00 00 00 00 00 00 00 00 ................
00:42:05.452004 0000000001837060/0170: 00 00 00 00 00 00 00 00-00 00 00 00 00 00 00 00 ................
00:42:05.452005 0000000001837070/0180: 00 00 00 00 00 00 00 00-00 00 00 00 00 00 00 00 ................
00:42:05.452007 0000000001837080/0190: 00 00 00 00 00 00 00 00-00 00 00 00 00 00 00 00 ................
00:42:05.452009 0000000001837090/01a0: 00 00 00 00 00 00 00 00-00 00 00 00 00 00 00 00 ................
00:42:05.452011 00000000018370a0/01b0: 00 00 00 00 00 00 00 00-00 00 00 00 00 00 00 00 ................
00:42:05.452013 00000000018370b0/01c0: 00 00 00 00 00 00 00 00-00 00 00 00 00 00 00 00 ................
00:42:05.452014 00000000018370c0/01d0: 00 00 00 00 00 00 00 00-00 00 00 00 00 00 00 00 ................
00:42:05.452016 00000000018370d0/01e0: 00 00 00 00 00 00 00 00-00 00 00 00 00 00 00 00 ................
00:42:05.452018 00000000018370e0/01f0: 00 00 00 00 00 00 00 00-00 00 00 00 00 00 00 00 ................
00:42:05.452020 00000000018370f0/0200: 00 00 00 00 00 00 00 00-00 00 00 00 00 00 00 00 ................
00:42:05.452022 0000000001837100/0210: 00 00 00 00 00 00 00 00-00 00 00 00 00 00 00 00 ................
00:42:05.452024 0000000001837110/0220: 00 00 00 00                                     ....
00:42:05.459895 REQUEST xid 0x2b27c5a1 chaddr 08:00:27:d8:dd:3c
00:42:05.459971  ciaddr 0.0.0.0
00:42:05.459987  for server 192.168.56.100 requested address 192.168.56.101
00:42:05.460015  params { 1 28 2 3 15 6 119 12 44 47 26 121 42 249 33 252 }
00:42:05.460145   12: 'shabrina-VirtualBox'
00:42:05.460154   54: c0 a8 38 64
00:42:05.460165 > allocateAddress 192.168.56.101 to client 08:00:27:d8:dd:3c
00:42:05.460177 > ... found existing binding 192.168.56.101 to 08:00:27:d8:dd:3c, offered, valid from 2020-04-11T06:01:50Z for 600s until 2020-04-11T06:11:50Z
00:42:05.460191 Lease time 600 secs (default)
00:42:05.460201 writing leases to C:\Users\brina\.VirtualBox\HostInterfaceNetworking-VirtualBox Host-Only Ethernet Adapter-Dhcpd.leases
00:42:05.480630 >>> requested option 1 (SubnetMask)
00:42:05.480663 ... always supplied
00:42:05.480672 >>> requested option 28 (BroadcastAddress)
00:42:05.480681 ... not found
00:42:05.480688 >>> requested option 2 (TimeOffset)
00:42:05.480695 ... not found
00:42:05.480702 >>> requested option 3 (Routers)
00:42:05.480708 ... not found
00:42:05.480715 >>> requested option 15 (DomainName)
00:42:05.480722 ... not found
00:42:05.480728 >>> requested option 6 (DNSes)
00:42:05.480736 ... not found
00:42:05.480743 >>> requested option 119 (DomainSearch)
00:42:05.480752 ... not found
00:42:05.480760 >>> requested option 12 (HostName)
00:42:05.480767 ... not found
00:42:05.480774 >>> requested option 44 (NetBIOSNameServers)
00:42:05.480782 ... not found
00:42:05.480789 >>> requested option 47 (NetBIOSScope)
00:42:05.480804 ... not found
00:42:05.480813 >>> requested option 26 (InterfaceMTU)
00:42:05.480829 ... not found
00:42:05.480839 >>> requested option 121 (unknown)
00:42:05.480846 ... not found
00:42:05.480853 >>> requested option 42 (NTPServers)
00:42:05.480863 ... not found
00:42:05.480873 >>> requested option 249 (unknown)
00:42:05.480881 ... not found
00:42:05.480888 >>> requested option 33 (StaticRoute)
00:42:05.480895 ... not found
00:42:05.480902 >>> requested option 252 (unknown)
00:42:05.480911 ... not found
00:42:05.480930 encoding option 1 (SubnetMask)
00:42:05.480938 encoding option 51 (LeaseTime)
00:42:05.480950 ACK xid 0x2b27c5a1 chaddr 08:00:27:d8:dd:3c
00:42:05.480976  ciaddr 0.0.0.0 yiaddr 192.168.56.101
00:42:05.480999 encoded message: 548 bytes
00:42:05.481001 0000000001836ef0/0000: 02 01 06 00 a1 c5 27 2b-00 00 00 00 00 00 00 00 ......'+........
00:42:05.481005 0000000001836f00/0010: c0 a8 38 65 00 00 00 00-00 00 00 00 08 00 27 d8 ..8e..........'.
00:42:05.481007 0000000001836f10/0020: dd 3c 00 00 00 00 00 00-00 00 00 00 00 00 00 00 .<..............
00:42:05.481010 0000000001836f20/0030: 00 00 00 00 00 00 00 00-00 00 00 00 00 00 00 00 ................
00:42:05.481012 0000000001836f30/0040: 00 00 00 00 00 00 00 00-00 00 00 00 00 00 00 00 ................
00:42:05.481014 0000000001836f40/0050: 00 00 00 00 00 00 00 00-00 00 00 00 00 00 00 00 ................
00:42:05.481016 0000000001836f50/0060: 00 00 00 00 00 00 00 00-00 00 00 00 00 00 00 00 ................
00:42:05.481018 0000000001836f60/0070: 00 00 00 00 00 00 00 00-00 00 00 00 00 00 00 00 ................
00:42:05.481020 0000000001836f70/0080: 00 00 00 00 00 00 00 00-00 00 00 00 00 00 00 00 ................
00:42:05.481022 0000000001836f80/0090: 00 00 00 00 00 00 00 00-00 00 00 00 00 00 00 00 ................
00:42:05.481024 0000000001836f90/00a0: 00 00 00 00 00 00 00 00-00 00 00 00 00 00 00 00 ................
00:42:05.481026 0000000001836fa0/00b0: 00 00 00 00 00 00 00 00-00 00 00 00 00 00 00 00 ................
00:42:05.481028 0000000001836fb0/00c0: 00 00 00 00 00 00 00 00-00 00 00 00 00 00 00 00 ................
00:42:05.481031 0000000001836fc0/00d0: 00 00 00 00 00 00 00 00-00 00 00 00 00 00 00 00 ................
00:42:05.481033 0000000001836fd0/00e0: 00 00 00 00 00 00 00 00-00 00 00 00 63 82 53 63 ............c.Sc
00:42:05.481035 0000000001836fe0/00f0: 36 04 c0 a8 38 64 35 01-05 01 04 ff ff ff 00 33 6...8d5........3
00:42:05.481037 0000000001836ff0/0100: 04 00 00 02 58 ff 00 00-00 00 00 00 00 00 00 00 ....X...........
00:42:05.481039 0000000001837000/0110: 00 00 00 00 00 00 00 00-00 00 00 00 00 00 00 00 ................
00:42:05.481041 0000000001837010/0120: 00 00 00 00 00 00 00 00-00 00 00 00 00 00 00 00 ................
00:42:05.481043 0000000001837020/0130: 00 00 00 00 00 00 00 00-00 00 00 00 00 00 00 00 ................
00:42:05.481045 0000000001837030/0140: 00 00 00 00 00 00 00 00-00 00 00 00 00 00 00 00 ................
00:42:05.481046 0000000001837040/0150: 00 00 00 00 00 00 00 00-00 00 00 00 00 00 00 00 ................
00:42:05.481049 0000000001837050/0160: 00 00 00 00 00 00 00 00-00 00 00 00 00 00 00 00 ................
00:42:05.481051 0000000001837060/0170: 00 00 00 00 00 00 00 00-00 00 00 00 00 00 00 00 ................
00:42:05.481053 0000000001837070/0180: 00 00 00 00 00 00 00 00-00 00 00 00 00 00 00 00 ................
00:42:05.481055 0000000001837080/0190: 00 00 00 00 00 00 00 00-00 00 00 00 00 00 00 00 ................
00:42:05.481056 0000000001837090/01a0: 00 00 00 00 00 00 00 00-00 00 00 00 00 00 00 00 ................
00:42:05.481058 00000000018370a0/01b0: 00 00 00 00 00 00 00 00-00 00 00 00 00 00 00 00 ................
00:42:05.481060 00000000018370b0/01c0: 00 00 00 00 00 00 00 00-00 00 00 00 00 00 00 00 ................
00:42:05.481062 00000000018370c0/01d0: 00 00 00 00 00 00 00 00-00 00 00 00 00 00 00 00 ................
00:42:05.481064 00000000018370d0/01e0: 00 00 00 00 00 00 00 00-00 00 00 00 00 00 00 00 ................
00:42:05.481066 00000000018370e0/01f0: 00 00 00 00 00 00 00 00-00 00 00 00 00 00 00 00 ................
00:42:05.481067 00000000018370f0/0200: 00 00 00 00 00 00 00 00-00 00 00 00 00 00 00 00 ................
00:42:05.481069 0000000001837100/0210: 00 00 00 00 00 00 00 00-00 00 00 00 00 00 00 00 ................
00:42:05.481071 0000000001837110/0220: 00 00 00 00                                     ....
00:45:59.311416 REQUEST xid 0x2b27c5a1 chaddr 08:00:27:d8:dd:3c
00:45:59.312203  ciaddr 192.168.56.101
00:45:59.312255  params { 1 28 2 3 15 6 119 12 44 47 26 121 42 249 33 252 }
00:45:59.312526   12: 'shabrina-VirtualBox'
00:45:59.312546 > allocateAddress to client 08:00:27:d8:dd:3c
00:45:59.312566 > ... found existing binding 192.168.56.101 to 08:00:27:d8:dd:3c, acked, valid from 2020-04-11T06:01:50Z for 600s until 2020-04-11T06:11:50Z
00:45:59.312592 Lease time 600 secs (default)
00:45:59.312610 writing leases to C:\Users\brina\.VirtualBox\HostInterfaceNetworking-VirtualBox Host-Only Ethernet Adapter-Dhcpd.leases
00:45:59.382690 >>> requested option 1 (SubnetMask)
00:45:59.382739 ... always supplied
00:45:59.382754 >>> requested option 28 (BroadcastAddress)
00:45:59.382769 ... not found
00:45:59.382782 >>> requested option 2 (TimeOffset)
00:45:59.382796 ... not found
00:45:59.382809 >>> requested option 3 (Routers)
00:45:59.382822 ... not found
00:45:59.382835 >>> requested option 15 (DomainName)
00:45:59.382848 ... not found
00:45:59.382861 >>> requested option 6 (DNSes)
00:45:59.382874 ... not found
00:45:59.382886 >>> requested option 119 (DomainSearch)
00:45:59.382899 ... not found
00:45:59.382912 >>> requested option 12 (HostName)
00:45:59.382924 ... not found
00:45:59.382937 >>> requested option 44 (NetBIOSNameServers)
00:45:59.382950 ... not found
00:45:59.382962 >>> requested option 47 (NetBIOSScope)
00:45:59.382975 ... not found
00:45:59.382988 >>> requested option 26 (InterfaceMTU)
00:45:59.383001 ... not found
00:45:59.383013 >>> requested option 121 (unknown)
00:45:59.383026 ... not found
00:45:59.383038 >>> requested option 42 (NTPServers)
00:45:59.383051 ... not found
00:45:59.383063 >>> requested option 249 (unknown)
00:45:59.383076 ... not found
00:45:59.383088 >>> requested option 33 (StaticRoute)
00:45:59.383101 ... not found
00:45:59.383113 >>> requested option 252 (unknown)
00:45:59.383126 ... not found
00:45:59.383155 encoding option 1 (SubnetMask)
00:45:59.383169 encoding option 51 (LeaseTime)
00:45:59.383187 ACK xid 0x2b27c5a1 chaddr 08:00:27:d8:dd:3c
00:45:59.383227  ciaddr 192.168.56.101 yiaddr 192.168.56.101
00:45:59.383267 encoded message: 548 bytes
00:45:59.383270 0000000001836ef0/0000: 02 01 06 00 a1 c5 27 2b-00 00 00 00 c0 a8 38 65 ......'+......8e
00:45:59.383277 0000000001836f00/0010: c0 a8 38 65 00 00 00 00-00 00 00 00 08 00 27 d8 ..8e..........'.
00:45:59.383282 0000000001836f10/0020: dd 3c 00 00 00 00 00 00-00 00 00 00 00 00 00 00 .<..............
00:45:59.383286 0000000001836f20/0030: 00 00 00 00 00 00 00 00-00 00 00 00 00 00 00 00 ................
00:45:59.383290 0000000001836f30/0040: 00 00 00 00 00 00 00 00-00 00 00 00 00 00 00 00 ................
00:45:59.383294 0000000001836f40/0050: 00 00 00 00 00 00 00 00-00 00 00 00 00 00 00 00 ................
00:45:59.383298 0000000001836f50/0060: 00 00 00 00 00 00 00 00-00 00 00 00 00 00 00 00 ................
00:45:59.383302 0000000001836f60/0070: 00 00 00 00 00 00 00 00-00 00 00 00 00 00 00 00 ................
00:45:59.383306 0000000001836f70/0080: 00 00 00 00 00 00 00 00-00 00 00 00 00 00 00 00 ................
00:45:59.383309 0000000001836f80/0090: 00 00 00 00 00 00 00 00-00 00 00 00 00 00 00 00 ................
00:45:59.383313 0000000001836f90/00a0: 00 00 00 00 00 00 00 00-00 00 00 00 00 00 00 00 ................
00:45:59.383317 0000000001836fa0/00b0: 00 00 00 00 00 00 00 00-00 00 00 00 00 00 00 00 ................
00:45:59.383321 0000000001836fb0/00c0: 00 00 00 00 00 00 00 00-00 00 00 00 00 00 00 00 ................
00:45:59.383325 0000000001836fc0/00d0: 00 00 00 00 00 00 00 00-00 00 00 00 00 00 00 00 ................
00:45:59.383328 0000000001836fd0/00e0: 00 00 00 00 00 00 00 00-00 00 00 00 63 82 53 63 ............c.Sc
00:45:59.383332 0000000001836fe0/00f0: 36 04 c0 a8 38 64 35 01-05 01 04 ff ff ff 00 33 6...8d5........3
00:45:59.383336 0000000001836ff0/0100: 04 00 00 02 58 ff 00 00-00 00 00 00 00 00 00 00 ....X...........
00:45:59.383340 0000000001837000/0110: 00 00 00 00 00 00 00 00-00 00 00 00 00 00 00 00 ................
00:45:59.383344 0000000001837010/0120: 00 00 00 00 00 00 00 00-00 00 00 00 00 00 00 00 ................
00:45:59.383348 0000000001837020/0130: 00 00 00 00 00 00 00 00-00 00 00 00 00 00 00 00 ................
00:45:59.383351 0000000001837030/0140: 00 00 00 00 00 00 00 00-00 00 00 00 00 00 00 00 ................
00:45:59.383355 0000000001837040/0150: 00 00 00 00 00 00 00 00-00 00 00 00 00 00 00 00 ................
00:45:59.383359 0000000001837050/0160: 00 00 00 00 00 00 00 00-00 00 00 00 00 00 00 00 ................
00:45:59.383362 0000000001837060/0170: 00 00 00 00 00 00 00 00-00 00 00 00 00 00 00 00 ................
00:45:59.383366 0000000001837070/0180: 00 00 00 00 00 00 00 00-00 00 00 00 00 00 00 00 ................
00:45:59.383370 0000000001837080/0190: 00 00 00 00 00 00 00 00-00 00 00 00 00 00 00 00 ................
00:45:59.383373 0000000001837090/01a0: 00 00 00 00 00 00 00 00-00 00 00 00 00 00 00 00 ................
00:45:59.383377 00000000018370a0/01b0: 00 00 00 00 00 00 00 00-00 00 00 00 00 00 00 00 ................
00:45:59.383381 00000000018370b0/01c0: 00 00 00 00 00 00 00 00-00 00 00 00 00 00 00 00 ................
00:45:59.383385 00000000018370c0/01d0: 00 00 00 00 00 00 00 00-00 00 00 00 00 00 00 00 ................
00:45:59.383388 00000000018370d0/01e0: 00 00 00 00 00 00 00 00-00 00 00 00 00 00 00 00 ................
00:45:59.383392 00000000018370e0/01f0: 00 00 00 00 00 00 00 00-00 00 00 00 00 00 00 00 ................
00:45:59.383396 00000000018370f0/0200: 00 00 00 00 00 00 00 00-00 00 00 00 00 00 00 00 ................
00:45:59.383399 0000000001837100/0210: 00 00 00 00 00 00 00 00-00 00 00 00 00 00 00 00 ................
00:45:59.383403 0000000001837110/0220: 00 00 00 00                                     ....
00:50:30.823664 REQUEST xid 0x2b27c5a1 chaddr 08:00:27:d8:dd:3c
00:50:30.828391  ciaddr 192.168.56.101
00:50:30.828445  params { 1 28 2 3 15 6 119 12 44 47 26 121 42 249 33 252 }
00:50:30.828760   12: 'shabrina-VirtualBox'
00:50:30.828782 > allocateAddress to client 08:00:27:d8:dd:3c
00:50:30.828805 > ... found existing binding 192.168.56.101 to 08:00:27:d8:dd:3c, acked, valid from 2020-04-11T06:05:43Z for 600s until 2020-04-11T06:15:43Z
00:50:30.828833 Lease time 600 secs (default)
00:50:30.828850 writing leases to C:\Users\brina\.VirtualBox\HostInterfaceNetworking-VirtualBox Host-Only Ethernet Adapter-Dhcpd.leases
00:50:30.858651 >>> requested option 1 (SubnetMask)
00:50:30.858699 ... always supplied
00:50:30.858714 >>> requested option 28 (BroadcastAddress)
00:50:30.858729 ... not found
00:50:30.858742 >>> requested option 2 (TimeOffset)
00:50:30.858755 ... not found
00:50:30.858768 >>> requested option 3 (Routers)
00:50:30.858781 ... not found
00:50:30.858793 >>> requested option 15 (DomainName)
00:50:30.858807 ... not found
00:50:30.858819 >>> requested option 6 (DNSes)
00:50:30.858832 ... not found
00:50:30.858844 >>> requested option 119 (DomainSearch)
00:50:30.858858 ... not found
00:50:30.858870 >>> requested option 12 (HostName)
00:50:30.858883 ... not found
00:50:30.858895 >>> requested option 44 (NetBIOSNameServers)
00:50:30.858911 ... not found
00:50:30.858942 >>> requested option 47 (NetBIOSScope)
00:50:30.858972 ... not found
00:50:30.858990 >>> requested option 26 (InterfaceMTU)
00:50:30.859009 ... not found
00:50:30.859023 >>> requested option 121 (unknown)
00:50:30.859036 ... not found
00:50:30.859049 >>> requested option 42 (NTPServers)
00:50:30.859062 ... not found
00:50:30.859074 >>> requested option 249 (unknown)
00:50:30.859089 ... not found
00:50:30.859106 >>> requested option 33 (StaticRoute)
00:50:30.859124 ... not found
00:50:30.859137 >>> requested option 252 (unknown)
00:50:30.859157 ... not found
00:50:30.859188 encoding option 1 (SubnetMask)
00:50:30.859202 encoding option 51 (LeaseTime)
00:50:30.859220 ACK xid 0x2b27c5a1 chaddr 08:00:27:d8:dd:3c
00:50:30.859261  ciaddr 192.168.56.101 yiaddr 192.168.56.101
00:50:30.859300 encoded message: 548 bytes
00:50:30.859303 0000000001836ef0/0000: 02 01 06 00 a1 c5 27 2b-00 00 00 00 c0 a8 38 65 ......'+......8e
00:50:30.859310 0000000001836f00/0010: c0 a8 38 65 00 00 00 00-00 00 00 00 08 00 27 d8 ..8e..........'.
00:50:30.859315 0000000001836f10/0020: dd 3c 00 00 00 00 00 00-00 00 00 00 00 00 00 00 .<..............
00:50:30.859319 0000000001836f20/0030: 00 00 00 00 00 00 00 00-00 00 00 00 00 00 00 00 ................
00:50:30.859323 0000000001836f30/0040: 00 00 00 00 00 00 00 00-00 00 00 00 00 00 00 00 ................
00:50:30.859327 0000000001836f40/0050: 00 00 00 00 00 00 00 00-00 00 00 00 00 00 00 00 ................
00:50:30.859331 0000000001836f50/0060: 00 00 00 00 00 00 00 00-00 00 00 00 00 00 00 00 ................
00:50:30.859334 0000000001836f60/0070: 00 00 00 00 00 00 00 00-00 00 00 00 00 00 00 00 ................
00:50:30.859338 0000000001836f70/0080: 00 00 00 00 00 00 00 00-00 00 00 00 00 00 00 00 ................
00:50:30.859342 0000000001836f80/0090: 00 00 00 00 00 00 00 00-00 00 00 00 00 00 00 00 ................
00:50:30.859345 0000000001836f90/00a0: 00 00 00 00 00 00 00 00-00 00 00 00 00 00 00 00 ................
00:50:30.859349 0000000001836fa0/00b0: 00 00 00 00 00 00 00 00-00 00 00 00 00 00 00 00 ................
00:50:30.859353 0000000001836fb0/00c0: 00 00 00 00 00 00 00 00-00 00 00 00 00 00 00 00 ................
00:50:30.859357 0000000001836fc0/00d0: 00 00 00 00 00 00 00 00-00 00 00 00 00 00 00 00 ................
00:50:30.859360 0000000001836fd0/00e0: 00 00 00 00 00 00 00 00-00 00 00 00 63 82 53 63 ............c.Sc
00:50:30.859364 0000000001836fe0/00f0: 36 04 c0 a8 38 64 35 01-05 01 04 ff ff ff 00 33 6...8d5........3
00:50:30.859368 0000000001836ff0/0100: 04 00 00 02 58 ff 00 00-00 00 00 00 00 00 00 00 ....X...........
00:50:30.859372 0000000001837000/0110: 00 00 00 00 00 00 00 00-00 00 00 00 00 00 00 00 ................
00:50:30.859376 0000000001837010/0120: 00 00 00 00 00 00 00 00-00 00 00 00 00 00 00 00 ................
00:50:30.859380 0000000001837020/0130: 00 00 00 00 00 00 00 00-00 00 00 00 00 00 00 00 ................
00:50:30.859383 0000000001837030/0140: 00 00 00 00 00 00 00 00-00 00 00 00 00 00 00 00 ................
00:50:30.859391 0000000001837040/0150: 00 00 00 00 00 00 00 00-00 00 00 00 00 00 00 00 ................
00:50:30.859394 0000000001837050/0160: 00 00 00 00 00 00 00 00-00 00 00 00 00 00 00 00 ................
00:50:30.859400 0000000001837060/0170: 00 00 00 00 00 00 00 00-00 00 00 00 00 00 00 00 ................
00:50:30.859405 0000000001837070/0180: 00 00 00 00 00 00 00 00-00 00 00 00 00 00 00 00 ................
00:50:30.859409 0000000001837080/0190: 00 00 00 00 00 00 00 00-00 00 00 00 00 00 00 00 ................
00:50:30.859414 0000000001837090/01a0: 00 00 00 00 00 00 00 00-00 00 00 00 00 00 00 00 ................
00:50:30.859419 00000000018370a0/01b0: 00 00 00 00 00 00 00 00-00 00 00 00 00 00 00 00 ................
00:50:30.859423 00000000018370b0/01c0: 00 00 00 00 00 00 00 00-00 00 00 00 00 00 00 00 ................
00:50:30.859428 00000000018370c0/01d0: 00 00 00 00 00 00 00 00-00 00 00 00 00 00 00 00 ................
00:50:30.859434 00000000018370d0/01e0: 00 00 00 00 00 00 00 00-00 00 00 00 00 00 00 00 ................
00:50:30.859439 00000000018370e0/01f0: 00 00 00 00 00 00 00 00-00 00 00 00 00 00 00 00 ................
00:50:30.859451 00000000018370f0/0200: 00 00 00 00 00 00 00 00-00 00 00 00 00 00 00 00 ................
00:50:30.859457 0000000001837100/0210: 00 00 00 00 00 00 00 00-00 00 00 00 00 00 00 00 ................
00:50:30.859462 0000000001837110/0220: 00 00 00 00                                     ....
00:54:22.089894 REQUEST xid 0x2b27c5a1 chaddr 08:00:27:d8:dd:3c
00:54:22.090018  ciaddr 192.168.56.101
00:54:22.090052  params { 1 28 2 3 15 6 119 12 44 47 26 121 42 249 33 252 }
00:54:22.090288   12: 'shabrina-VirtualBox'
00:54:22.090307 > allocateAddress to client 08:00:27:d8:dd:3c
00:54:22.090326 > ... found existing binding 192.168.56.101 to 08:00:27:d8:dd:3c, acked, valid from 2020-04-11T06:10:15Z for 600s until 2020-04-11T06:20:15Z
00:54:22.090353 Lease time 600 secs (default)
00:54:22.090373 writing leases to C:\Users\brina\.VirtualBox\HostInterfaceNetworking-VirtualBox Host-Only Ethernet Adapter-Dhcpd.leases
00:54:22.126877 >>> requested option 1 (SubnetMask)
00:54:22.126926 ... always supplied
00:54:22.126945 >>> requested option 28 (BroadcastAddress)
00:54:22.126964 ... not found
00:54:22.126982 >>> requested option 2 (TimeOffset)
00:54:22.127000 ... not found
00:54:22.127017 >>> requested option 3 (Routers)
00:54:22.127034 ... not found
00:54:22.127051 >>> requested option 15 (DomainName)
00:54:22.127068 ... not found
00:54:22.127085 >>> requested option 6 (DNSes)
00:54:22.127102 ... not found
00:54:22.127119 >>> requested option 119 (DomainSearch)
00:54:22.127136 ... not found
00:54:22.127153 >>> requested option 12 (HostName)
00:54:22.127170 ... not found
00:54:22.127211 >>> requested option 44 (NetBIOSNameServers)
00:54:22.127233 ... not found
00:54:22.127251 >>> requested option 47 (NetBIOSScope)
00:54:22.127271 ... not found
00:54:22.127289 >>> requested option 26 (InterfaceMTU)
00:54:22.127307 ... not found
00:54:22.127324 >>> requested option 121 (unknown)
00:54:22.127342 ... not found
00:54:22.127359 >>> requested option 42 (NTPServers)
00:54:22.127377 ... not found
00:54:22.127393 >>> requested option 249 (unknown)
00:54:22.127412 ... not found
00:54:22.127429 >>> requested option 33 (StaticRoute)
00:54:22.127446 ... not found
00:54:22.127463 >>> requested option 252 (unknown)
00:54:22.127481 ... not found
00:54:22.127512 encoding option 1 (SubnetMask)
00:54:22.127533 encoding option 51 (LeaseTime)
00:54:22.127557 ACK xid 0x2b27c5a1 chaddr 08:00:27:d8:dd:3c
00:54:22.127618  ciaddr 192.168.56.101 yiaddr 192.168.56.101
00:54:22.127673 encoded message: 548 bytes
00:54:22.127676 0000000001836ef0/0000: 02 01 06 00 a1 c5 27 2b-00 00 00 00 c0 a8 38 65 ......'+......8e
00:54:22.127685 0000000001836f00/0010: c0 a8 38 65 00 00 00 00-00 00 00 00 08 00 27 d8 ..8e..........'.
00:54:22.127691 0000000001836f10/0020: dd 3c 00 00 00 00 00 00-00 00 00 00 00 00 00 00 .<..............
00:54:22.127695 0000000001836f20/0030: 00 00 00 00 00 00 00 00-00 00 00 00 00 00 00 00 ................
00:54:22.127700 0000000001836f30/0040: 00 00 00 00 00 00 00 00-00 00 00 00 00 00 00 00 ................
00:54:22.127706 0000000001836f40/0050: 00 00 00 00 00 00 00 00-00 00 00 00 00 00 00 00 ................
00:54:22.127711 0000000001836f50/0060: 00 00 00 00 00 00 00 00-00 00 00 00 00 00 00 00 ................
00:54:22.127717 0000000001836f60/0070: 00 00 00 00 00 00 00 00-00 00 00 00 00 00 00 00 ................
00:54:22.127723 0000000001836f70/0080: 00 00 00 00 00 00 00 00-00 00 00 00 00 00 00 00 ................
00:54:22.127728 0000000001836f80/0090: 00 00 00 00 00 00 00 00-00 00 00 00 00 00 00 00 ................
00:54:22.127733 0000000001836f90/00a0: 00 00 00 00 00 00 00 00-00 00 00 00 00 00 00 00 ................
00:54:22.127737 0000000001836fa0/00b0: 00 00 00 00 00 00 00 00-00 00 00 00 00 00 00 00 ................
00:54:22.127743 0000000001836fb0/00c0: 00 00 00 00 00 00 00 00-00 00 00 00 00 00 00 00 ................
00:54:22.127749 0000000001836fc0/00d0: 00 00 00 00 00 00 00 00-00 00 00 00 00 00 00 00 ................
00:54:22.127753 0000000001836fd0/00e0: 00 00 00 00 00 00 00 00-00 00 00 00 63 82 53 63 ............c.Sc
00:54:22.127758 0000000001836fe0/00f0: 36 04 c0 a8 38 64 35 01-05 01 04 ff ff ff 00 33 6...8d5........3
00:54:22.127763 0000000001836ff0/0100: 04 00 00 02 58 ff 00 00-00 00 00 00 00 00 00 00 ....X...........
00:54:22.127768 0000000001837000/0110: 00 00 00 00 00 00 00 00-00 00 00 00 00 00 00 00 ................
00:54:22.127774 0000000001837010/0120: 00 00 00 00 00 00 00 00-00 00 00 00 00 00 00 00 ................
00:54:22.127779 0000000001837020/0130: 00 00 00 00 00 00 00 00-00 00 00 00 00 00 00 00 ................
00:54:22.127785 0000000001837030/0140: 00 00 00 00 00 00 00 00-00 00 00 00 00 00 00 00 ................
00:54:22.127790 0000000001837040/0150: 00 00 00 00 00 00 00 00-00 00 00 00 00 00 00 00 ................
00:54:22.127795 0000000001837050/0160: 00 00 00 00 00 00 00 00-00 00 00 00 00 00 00 00 ................
00:54:22.127800 0000000001837060/0170: 00 00 00 00 00 00 00 00-00 00 00 00 00 00 00 00 ................
00:54:22.127805 0000000001837070/0180: 00 00 00 00 00 00 00 00-00 00 00 00 00 00 00 00 ................
00:54:22.127810 0000000001837080/0190: 00 00 00 00 00 00 00 00-00 00 00 00 00 00 00 00 ................
00:54:22.127814 0000000001837090/01a0: 00 00 00 00 00 00 00 00-00 00 00 00 00 00 00 00 ................
00:54:22.127819 00000000018370a0/01b0: 00 00 00 00 00 00 00 00-00 00 00 00 00 00 00 00 ................
00:54:22.127824 00000000018370b0/01c0: 00 00 00 00 00 00 00 00-00 00 00 00 00 00 00 00 ................
00:54:22.127829 00000000018370c0/01d0: 00 00 00 00 00 00 00 00-00 00 00 00 00 00 00 00 ................
00:54:22.127835 00000000018370d0/01e0: 00 00 00 00 00 00 00 00-00 00 00 00 00 00 00 00 ................
00:54:22.127840 00000000018370e0/01f0: 00 00 00 00 00 00 00 00-00 00 00 00 00 00 00 00 ................
00:54:22.127844 00000000018370f0/0200: 00 00 00 00 00 00 00 00-00 00 00 00 00 00 00 00 ................
00:54:22.127851 0000000001837100/0210: 00 00 00 00 00 00 00 00-00 00 00 00 00 00 00 00 ................
00:54:22.127856 0000000001837110/0220: 00 00 00 00                                     ....
00:58:16.824249 REQUEST xid 0x2b27c5a1 chaddr 08:00:27:d8:dd:3c
00:58:16.824378  ciaddr 192.168.56.101
00:58:16.824411  params { 1 28 2 3 15 6 119 12 44 47 26 121 42 249 33 252 }
00:58:16.824633   12: 'shabrina-VirtualBox'
00:58:16.824652 > allocateAddress to client 08:00:27:d8:dd:3c
00:58:16.824675 > ... found existing binding 192.168.56.101 to 08:00:27:d8:dd:3c, acked, valid from 2020-04-11T06:14:06Z for 600s until 2020-04-11T06:24:06Z
00:58:16.824701 Lease time 600 secs (default)
00:58:16.824717 writing leases to C:\Users\brina\.VirtualBox\HostInterfaceNetworking-VirtualBox Host-Only Ethernet Adapter-Dhcpd.leases
00:58:16.863615 >>> requested option 1 (SubnetMask)
00:58:16.863662 ... always supplied
00:58:16.863677 >>> requested option 28 (BroadcastAddress)
00:58:16.863692 ... not found
00:58:16.863705 >>> requested option 2 (TimeOffset)
00:58:16.863719 ... not found
00:58:16.863732 >>> requested option 3 (Routers)
00:58:16.863746 ... not found
00:58:16.863759 >>> requested option 15 (DomainName)
00:58:16.863772 ... not found
00:58:16.863784 >>> requested option 6 (DNSes)
00:58:16.863798 ... not found
00:58:16.863810 >>> requested option 119 (DomainSearch)
00:58:16.863824 ... not found
00:58:16.863836 >>> requested option 12 (HostName)
00:58:16.863855 ... not found
00:58:16.863871 >>> requested option 44 (NetBIOSNameServers)
00:58:16.863884 ... not found
00:58:16.863896 >>> requested option 47 (NetBIOSScope)
00:58:16.863910 ... not found
00:58:16.863922 >>> requested option 26 (InterfaceMTU)
00:58:16.863935 ... not found
00:58:16.863948 >>> requested option 121 (unknown)
00:58:16.863961 ... not found
00:58:16.863973 >>> requested option 42 (NTPServers)
00:58:16.863986 ... not found
00:58:16.863998 >>> requested option 249 (unknown)
00:58:16.864010 ... not found
00:58:16.864023 >>> requested option 33 (StaticRoute)
00:58:16.864035 ... not found
00:58:16.864048 >>> requested option 252 (unknown)
00:58:16.864060 ... not found
00:58:16.864086 encoding option 1 (SubnetMask)
00:58:16.864100 encoding option 51 (LeaseTime)
00:58:16.864117 ACK xid 0x2b27c5a1 chaddr 08:00:27:d8:dd:3c
00:58:16.864159  ciaddr 192.168.56.101 yiaddr 192.168.56.101
00:58:16.864233 encoded message: 548 bytes
00:58:16.864237 0000000001836ef0/0000: 02 01 06 00 a1 c5 27 2b-00 00 00 00 c0 a8 38 65 ......'+......8e
00:58:16.864244 0000000001836f00/0010: c0 a8 38 65 00 00 00 00-00 00 00 00 08 00 27 d8 ..8e..........'.
00:58:16.864249 0000000001836f10/0020: dd 3c 00 00 00 00 00 00-00 00 00 00 00 00 00 00 .<..............
00:58:16.864253 0000000001836f20/0030: 00 00 00 00 00 00 00 00-00 00 00 00 00 00 00 00 ................
00:58:16.864257 0000000001836f30/0040: 00 00 00 00 00 00 00 00-00 00 00 00 00 00 00 00 ................
00:58:16.864261 0000000001836f40/0050: 00 00 00 00 00 00 00 00-00 00 00 00 00 00 00 00 ................
00:58:16.864265 0000000001836f50/0060: 00 00 00 00 00 00 00 00-00 00 00 00 00 00 00 00 ................
00:58:16.864269 0000000001836f60/0070: 00 00 00 00 00 00 00 00-00 00 00 00 00 00 00 00 ................
00:58:16.864273 0000000001836f70/0080: 00 00 00 00 00 00 00 00-00 00 00 00 00 00 00 00 ................
00:58:16.864277 0000000001836f80/0090: 00 00 00 00 00 00 00 00-00 00 00 00 00 00 00 00 ................
00:58:16.864282 0000000001836f90/00a0: 00 00 00 00 00 00 00 00-00 00 00 00 00 00 00 00 ................
00:58:16.864295 0000000001836fa0/00b0: 00 00 00 00 00 00 00 00-00 00 00 00 00 00 00 00 ................
00:58:16.864301 0000000001836fb0/00c0: 00 00 00 00 00 00 00 00-00 00 00 00 00 00 00 00 ................
00:58:16.864307 0000000001836fc0/00d0: 00 00 00 00 00 00 00 00-00 00 00 00 00 00 00 00 ................
00:58:16.864312 0000000001836fd0/00e0: 00 00 00 00 00 00 00 00-00 00 00 00 63 82 53 63 ............c.Sc
00:58:16.864316 0000000001836fe0/00f0: 36 04 c0 a8 38 64 35 01-05 01 04 ff ff ff 00 33 6...8d5........3
00:58:16.864322 0000000001836ff0/0100: 04 00 00 02 58 ff 00 00-00 00 00 00 00 00 00 00 ....X...........
00:58:16.864328 0000000001837000/0110: 00 00 00 00 00 00 00 00-00 00 00 00 00 00 00 00 ................
00:58:16.864333 0000000001837010/0120: 00 00 00 00 00 00 00 00-00 00 00 00 00 00 00 00 ................
00:58:16.864338 0000000001837020/0130: 00 00 00 00 00 00 00 00-00 00 00 00 00 00 00 00 ................
00:58:16.864342 0000000001837030/0140: 00 00 00 00 00 00 00 00-00 00 00 00 00 00 00 00 ................
00:58:16.864346 0000000001837040/0150: 00 00 00 00 00 00 00 00-00 00 00 00 00 00 00 00 ................
00:58:16.864349 0000000001837050/0160: 00 00 00 00 00 00 00 00-00 00 00 00 00 00 00 00 ................
00:58:16.864353 0000000001837060/0170: 00 00 00 00 00 00 00 00-00 00 00 00 00 00 00 00 ................
00:58:16.864357 0000000001837070/0180: 00 00 00 00 00 00 00 00-00 00 00 00 00 00 00 00 ................
00:58:16.864360 0000000001837080/0190: 00 00 00 00 00 00 00 00-00 00 00 00 00 00 00 00 ................
00:58:16.864364 0000000001837090/01a0: 00 00 00 00 00 00 00 00-00 00 00 00 00 00 00 00 ................
00:58:16.864368 00000000018370a0/01b0: 00 00 00 00 00 00 00 00-00 00 00 00 00 00 00 00 ................
00:58:16.864371 00000000018370b0/01c0: 00 00 00 00 00 00 00 00-00 00 00 00 00 00 00 00 ................
00:58:16.864375 00000000018370c0/01d0: 00 00 00 00 00 00 00 00-00 00 00 00 00 00 00 00 ................
00:58:16.864379 00000000018370d0/01e0: 00 00 00 00 00 00 00 00-00 00 00 00 00 00 00 00 ................
00:58:16.864382 00000000018370e0/01f0: 00 00 00 00 00 00 00 00-00 00 00 00 00 00 00 00 ................
00:58:16.864386 00000000018370f0/0200: 00 00 00 00 00 00 00 00-00 00 00 00 00 00 00 00 ................
00:58:16.864390 0000000001837100/0210: 00 00 00 00 00 00 00 00-00 00 00 00 00 00 00 00 ................
00:58:16.864393 0000000001837110/0220: 00 00 00 00                                     ....
01:03:09.421511 REQUEST xid 0x2b27c5a1 chaddr 08:00:27:d8:dd:3c
01:03:09.422235  ciaddr 192.168.56.101
01:03:09.422306  params { 1 28 2 3 15 6 119 12 44 47 26 121 42 249 33 252 }
01:03:09.422572   12: 'shabrina-VirtualBox'
01:03:09.422598 > allocateAddress to client 08:00:27:d8:dd:3c
01:03:09.422622 > ... found existing binding 192.168.56.101 to 08:00:27:d8:dd:3c, acked, valid from 2020-04-11T06:18:01Z for 600s until 2020-04-11T06:28:01Z
01:03:09.422650 Lease time 600 secs (default)
01:03:09.422666 writing leases to C:\Users\brina\.VirtualBox\HostInterfaceNetworking-VirtualBox Host-Only Ethernet Adapter-Dhcpd.leases
01:03:09.461386 >>> requested option 1 (SubnetMask)
01:03:09.461455 ... always supplied
01:03:09.461481 >>> requested option 28 (BroadcastAddress)
01:03:09.461500 ... not found
01:03:09.461518 >>> requested option 2 (TimeOffset)
01:03:09.461536 ... not found
01:03:09.461555 >>> requested option 3 (Routers)
01:03:09.461575 ... not found
01:03:09.461592 >>> requested option 15 (DomainName)
01:03:09.461611 ... not found
01:03:09.461628 >>> requested option 6 (DNSes)
01:03:09.461645 ... not found
01:03:09.461662 >>> requested option 119 (DomainSearch)
01:03:09.461681 ... not found
01:03:09.461703 >>> requested option 12 (HostName)
01:03:09.461724 ... not found
01:03:09.461741 >>> requested option 44 (NetBIOSNameServers)
01:03:09.461763 ... not found
01:03:09.461781 >>> requested option 47 (NetBIOSScope)
01:03:09.461800 ... not found
01:03:09.461818 >>> requested option 26 (InterfaceMTU)
01:03:09.461835 ... not found
01:03:09.461852 >>> requested option 121 (unknown)
01:03:09.461869 ... not found
01:03:09.461885 >>> requested option 42 (NTPServers)
01:03:09.461904 ... not found
01:03:09.461923 >>> requested option 249 (unknown)
01:03:09.461942 ... not found
01:03:09.461960 >>> requested option 33 (StaticRoute)
01:03:09.461979 ... not found
01:03:09.461997 >>> requested option 252 (unknown)
01:03:09.462014 ... not found
01:03:09.462489 encoding option 1 (SubnetMask)
01:03:09.462546 encoding option 51 (LeaseTime)
01:03:09.462576 ACK xid 0x2b27c5a1 chaddr 08:00:27:d8:dd:3c
01:03:09.462630  ciaddr 192.168.56.101 yiaddr 192.168.56.101
01:03:09.462743 encoded message: 548 bytes
01:03:09.462748 0000000001836ef0/0000: 02 01 06 00 a1 c5 27 2b-00 00 00 00 c0 a8 38 65 ......'+......8e
01:03:09.462757 0000000001836f00/0010: c0 a8 38 65 00 00 00 00-00 00 00 00 08 00 27 d8 ..8e..........'.
01:03:09.462763 0000000001836f10/0020: dd 3c 00 00 00 00 00 00-00 00 00 00 00 00 00 00 .<..............
01:03:09.462769 0000000001836f20/0030: 00 00 00 00 00 00 00 00-00 00 00 00 00 00 00 00 ................
01:03:09.462774 0000000001836f30/0040: 00 00 00 00 00 00 00 00-00 00 00 00 00 00 00 00 ................
01:03:09.462779 0000000001836f40/0050: 00 00 00 00 00 00 00 00-00 00 00 00 00 00 00 00 ................
01:03:09.462784 0000000001836f50/0060: 00 00 00 00 00 00 00 00-00 00 00 00 00 00 00 00 ................
01:03:09.462789 0000000001836f60/0070: 00 00 00 00 00 00 00 00-00 00 00 00 00 00 00 00 ................
01:03:09.462793 0000000001836f70/0080: 00 00 00 00 00 00 00 00-00 00 00 00 00 00 00 00 ................
01:03:09.462798 0000000001836f80/0090: 00 00 00 00 00 00 00 00-00 00 00 00 00 00 00 00 ................
01:03:09.462803 0000000001836f90/00a0: 00 00 00 00 00 00 00 00-00 00 00 00 00 00 00 00 ................
01:03:09.462808 0000000001836fa0/00b0: 00 00 00 00 00 00 00 00-00 00 00 00 00 00 00 00 ................
01:03:09.462813 0000000001836fb0/00c0: 00 00 00 00 00 00 00 00-00 00 00 00 00 00 00 00 ................
01:03:09.462817 0000000001836fc0/00d0: 00 00 00 00 00 00 00 00-00 00 00 00 00 00 00 00 ................
01:03:09.462822 0000000001836fd0/00e0: 00 00 00 00 00 00 00 00-00 00 00 00 63 82 53 63 ............c.Sc
01:03:09.462827 0000000001836fe0/00f0: 36 04 c0 a8 38 64 35 01-05 01 04 ff ff ff 00 33 6...8d5........3
01:03:09.462832 0000000001836ff0/0100: 04 00 00 02 58 ff 00 00-00 00 00 00 00 00 00 00 ....X...........
01:03:09.462837 0000000001837000/0110: 00 00 00 00 00 00 00 00-00 00 00 00 00 00 00 00 ................
01:03:09.462843 0000000001837010/0120: 00 00 00 00 00 00 00 00-00 00 00 00 00 00 00 00 ................
01:03:09.462848 0000000001837020/0130: 00 00 00 00 00 00 00 00-00 00 00 00 00 00 00 00 ................
01:03:09.462853 0000000001837030/0140: 00 00 00 00 00 00 00 00-00 00 00 00 00 00 00 00 ................
01:03:09.462858 0000000001837040/0150: 00 00 00 00 00 00 00 00-00 00 00 00 00 00 00 00 ................
01:03:09.462863 0000000001837050/0160: 00 00 00 00 00 00 00 00-00 00 00 00 00 00 00 00 ................
01:03:09.462869 0000000001837060/0170: 00 00 00 00 00 00 00 00-00 00 00 00 00 00 00 00 ................
01:03:09.462874 0000000001837070/0180: 00 00 00 00 00 00 00 00-00 00 00 00 00 00 00 00 ................
01:03:09.462881 0000000001837080/0190: 00 00 00 00 00 00 00 00-00 00 00 00 00 00 00 00 ................
01:03:09.462886 0000000001837090/01a0: 00 00 00 00 00 00 00 00-00 00 00 00 00 00 00 00 ................
01:03:09.462890 00000000018370a0/01b0: 00 00 00 00 00 00 00 00-00 00 00 00 00 00 00 00 ................
01:03:09.462895 00000000018370b0/01c0: 00 00 00 00 00 00 00 00-00 00 00 00 00 00 00 00 ................
01:03:09.462901 00000000018370c0/01d0: 00 00 00 00 00 00 00 00-00 00 00 00 00 00 00 00 ................
01:03:09.462908 00000000018370d0/01e0: 00 00 00 00 00 00 00 00-00 00 00 00 00 00 00 00 ................
01:03:09.462913 00000000018370e0/01f0: 00 00 00 00 00 00 00 00-00 00 00 00 00 00 00 00 ................
01:03:09.462919 00000000018370f0/0200: 00 00 00 00 00 00 00 00-00 00 00 00 00 00 00 00 ................
01:03:09.462924 0000000001837100/0210: 00 00 00 00 00 00 00 00-00 00 00 00 00 00 00 00 ................
01:03:09.462929 0000000001837110/0220: 00 00 00 00                                     ....
01:06:57.096243 REQUEST xid 0x2b27c5a1 chaddr 08:00:27:d8:dd:3c
01:06:57.097265  ciaddr 192.168.56.101
01:06:57.097302  params { 1 28 2 3 15 6 119 12 44 47 26 121 42 249 33 252 }
01:06:57.097523   12: 'shabrina-VirtualBox'
01:06:57.097542 > allocateAddress to client 08:00:27:d8:dd:3c
01:06:57.097562 > ... found existing binding 192.168.56.101 to 08:00:27:d8:dd:3c, acked, valid from 2020-04-11T06:22:53Z for 600s until 2020-04-11T06:32:53Z
01:06:57.097588 Lease time 600 secs (default)
01:06:57.097605 writing leases to C:\Users\brina\.VirtualBox\HostInterfaceNetworking-VirtualBox Host-Only Ethernet Adapter-Dhcpd.leases
01:06:57.138598 >>> requested option 1 (SubnetMask)
01:06:57.138649 ... always supplied
01:06:57.138664 >>> requested option 28 (BroadcastAddress)
01:06:57.138681 ... not found
01:06:57.138699 >>> requested option 2 (TimeOffset)
01:06:57.138719 ... not found
01:06:57.138741 >>> requested option 3 (Routers)
01:06:57.138760 ... not found
01:06:57.138779 >>> requested option 15 (DomainName)
01:06:57.138793 ... not found
01:06:57.138806 >>> requested option 6 (DNSes)
01:06:57.138868 ... not found
01:06:57.138883 >>> requested option 119 (DomainSearch)
01:06:57.138901 ... not found
01:06:57.138920 >>> requested option 12 (HostName)
01:06:57.138942 ... not found
01:06:57.138959 >>> requested option 44 (NetBIOSNameServers)
01:06:57.138978 ... not found
01:06:57.138999 >>> requested option 47 (NetBIOSScope)
01:06:57.139018 ... not found
01:06:57.139035 >>> requested option 26 (InterfaceMTU)
01:06:57.139055 ... not found
01:06:57.139073 >>> requested option 121 (unknown)
01:06:57.139087 ... not found
01:06:57.139099 >>> requested option 42 (NTPServers)
01:06:57.139112 ... not found
01:06:57.139124 >>> requested option 249 (unknown)
01:06:57.139137 ... not found
01:06:57.139149 >>> requested option 33 (StaticRoute)
01:06:57.139162 ... not found
01:06:57.139174 >>> requested option 252 (unknown)
01:06:57.139187 ... not found
01:06:57.139210 encoding option 1 (SubnetMask)
01:06:57.139224 encoding option 51 (LeaseTime)
01:06:57.139246 ACK xid 0x2b27c5a1 chaddr 08:00:27:d8:dd:3c
01:06:57.139293  ciaddr 192.168.56.101 yiaddr 192.168.56.101
01:06:57.139332 encoded message: 548 bytes
01:06:57.139335 0000000001836ef0/0000: 02 01 06 00 a1 c5 27 2b-00 00 00 00 c0 a8 38 65 ......'+......8e
01:06:57.139342 0000000001836f00/0010: c0 a8 38 65 00 00 00 00-00 00 00 00 08 00 27 d8 ..8e..........'.
01:06:57.139347 0000000001836f10/0020: dd 3c 00 00 00 00 00 00-00 00 00 00 00 00 00 00 .<..............
01:06:57.139351 0000000001836f20/0030: 00 00 00 00 00 00 00 00-00 00 00 00 00 00 00 00 ................
01:06:57.139355 0000000001836f30/0040: 00 00 00 00 00 00 00 00-00 00 00 00 00 00 00 00 ................
01:06:57.139359 0000000001836f40/0050: 00 00 00 00 00 00 00 00-00 00 00 00 00 00 00 00 ................
01:06:57.139362 0000000001836f50/0060: 00 00 00 00 00 00 00 00-00 00 00 00 00 00 00 00 ................
01:06:57.139366 0000000001836f60/0070: 00 00 00 00 00 00 00 00-00 00 00 00 00 00 00 00 ................
01:06:57.139370 0000000001836f70/0080: 00 00 00 00 00 00 00 00-00 00 00 00 00 00 00 00 ................
01:06:57.139374 0000000001836f80/0090: 00 00 00 00 00 00 00 00-00 00 00 00 00 00 00 00 ................
01:06:57.139377 0000000001836f90/00a0: 00 00 00 00 00 00 00 00-00 00 00 00 00 00 00 00 ................
01:06:57.139381 0000000001836fa0/00b0: 00 00 00 00 00 00 00 00-00 00 00 00 00 00 00 00 ................
01:06:57.139385 0000000001836fb0/00c0: 00 00 00 00 00 00 00 00-00 00 00 00 00 00 00 00 ................
01:06:57.139388 0000000001836fc0/00d0: 00 00 00 00 00 00 00 00-00 00 00 00 00 00 00 00 ................
01:06:57.139392 0000000001836fd0/00e0: 00 00 00 00 00 00 00 00-00 00 00 00 63 82 53 63 ............c.Sc
01:06:57.139396 0000000001836fe0/00f0: 36 04 c0 a8 38 64 35 01-05 01 04 ff ff ff 00 33 6...8d5........3
01:06:57.139400 0000000001836ff0/0100: 04 00 00 02 58 ff 00 00-00 00 00 00 00 00 00 00 ....X...........
01:06:57.139404 0000000001837000/0110: 00 00 00 00 00 00 00 00-00 00 00 00 00 00 00 00 ................
01:06:57.139407 0000000001837010/0120: 00 00 00 00 00 00 00 00-00 00 00 00 00 00 00 00 ................
01:06:57.139411 0000000001837020/0130: 00 00 00 00 00 00 00 00-00 00 00 00 00 00 00 00 ................
01:06:57.139415 0000000001837030/0140: 00 00 00 00 00 00 00 00-00 00 00 00 00 00 00 00 ................
01:06:57.139418 0000000001837040/0150: 00 00 00 00 00 00 00 00-00 00 00 00 00 00 00 00 ................
01:06:57.139422 0000000001837050/0160: 00 00 00 00 00 00 00 00-00 00 00 00 00 00 00 00 ................
01:06:57.139426 0000000001837060/0170: 00 00 00 00 00 00 00 00-00 00 00 00 00 00 00 00 ................
01:06:57.139429 0000000001837070/0180: 00 00 00 00 00 00 00 00-00 00 00 00 00 00 00 00 ................
01:06:57.139433 0000000001837080/0190: 00 00 00 00 00 00 00 00-00 00 00 00 00 00 00 00 ................
01:06:57.139437 0000000001837090/01a0: 00 00 00 00 00 00 00 00-00 00 00 00 00 00 00 00 ................
01:06:57.139440 00000000018370a0/01b0: 00 00 00 00 00 00 00 00-00 00 00 00 00 00 00 00 ................
01:06:57.139444 00000000018370b0/01c0: 00 00 00 00 00 00 00 00-00 00 00 00 00 00 00 00 ................
01:06:57.139447 00000000018370c0/01d0: 00 00 00 00 00 00 00 00-00 00 00 00 00 00 00 00 ................
01:06:57.139451 00000000018370d0/01e0: 00 00 00 00 00 00 00 00-00 00 00 00 00 00 00 00 ................
01:06:57.139457 00000000018370e0/01f0: 00 00 00 00 00 00 00 00-00 00 00 00 00 00 00 00 ................
01:06:57.139461 00000000018370f0/0200: 00 00 00 00 00 00 00 00-00 00 00 00 00 00 00 00 ................
01:06:57.139466 0000000001837100/0210: 00 00 00 00 00 00 00 00-00 00 00 00 00 00 00 00 ................
01:06:57.139471 0000000001837110/0220: 00 00 00 00                                     ....
01:11:12.089057 REQUEST xid 0x2b27c5a1 chaddr 08:00:27:d8:dd:3c
01:11:12.089470  ciaddr 192.168.56.101
01:11:12.089490  params { 1 28 2 3 15 6 119 12 44 47 26 121 42 249 33 252 }
01:11:12.089608   12: 'shabrina-VirtualBox'
01:11:12.089620 > allocateAddress to client 08:00:27:d8:dd:3c
01:11:12.089636 > ... found existing binding 192.168.56.101 to 08:00:27:d8:dd:3c, acked, valid from 2020-04-11T06:26:41Z for 600s until 2020-04-11T06:36:41Z
01:11:12.089657 Lease time 600 secs (default)
01:11:12.089670 writing leases to C:\Users\brina\.VirtualBox\HostInterfaceNetworking-VirtualBox Host-Only Ethernet Adapter-Dhcpd.leases
01:11:12.127205 >>> requested option 1 (SubnetMask)
01:11:12.127254 ... always supplied
01:11:12.127264 >>> requested option 28 (BroadcastAddress)
01:11:12.127273 ... not found
01:11:12.127280 >>> requested option 2 (TimeOffset)
01:11:12.127290 ... not found
01:11:12.127298 >>> requested option 3 (Routers)
01:11:12.127308 ... not found
01:11:12.127316 >>> requested option 15 (DomainName)
01:11:12.127335 ... not found
01:11:12.127350 >>> requested option 6 (DNSes)
01:11:12.127359 ... not found
01:11:12.127369 >>> requested option 119 (DomainSearch)
01:11:12.127377 ... not found
01:11:12.127384 >>> requested option 12 (HostName)
01:11:12.127392 ... not found
01:11:12.127399 >>> requested option 44 (NetBIOSNameServers)
01:11:12.127409 ... not found
01:11:12.127418 >>> requested option 47 (NetBIOSScope)
01:11:12.127427 ... not found
01:11:12.127434 >>> requested option 26 (InterfaceMTU)
01:11:12.127442 ... not found
01:11:12.127449 >>> requested option 121 (unknown)
01:11:12.127456 ... not found
01:11:12.127464 >>> requested option 42 (NTPServers)
01:11:12.127473 ... not found
01:11:12.127481 >>> requested option 249 (unknown)
01:11:12.127488 ... not found
01:11:12.127496 >>> requested option 33 (StaticRoute)
01:11:12.127503 ... not found
01:11:12.127511 >>> requested option 252 (unknown)
01:11:12.127520 ... not found
01:11:12.127537 encoding option 1 (SubnetMask)
01:11:12.127545 encoding option 51 (LeaseTime)
01:11:12.127559 ACK xid 0x2b27c5a1 chaddr 08:00:27:d8:dd:3c
01:11:12.127608  ciaddr 192.168.56.101 yiaddr 192.168.56.101
01:11:12.127638 encoded message: 548 bytes
01:11:12.127641 0000000001836ef0/0000: 02 01 06 00 a1 c5 27 2b-00 00 00 00 c0 a8 38 65 ......'+......8e
01:11:12.127646 0000000001836f00/0010: c0 a8 38 65 00 00 00 00-00 00 00 00 08 00 27 d8 ..8e..........'.
01:11:12.127648 0000000001836f10/0020: dd 3c 00 00 00 00 00 00-00 00 00 00 00 00 00 00 .<..............
01:11:12.127651 0000000001836f20/0030: 00 00 00 00 00 00 00 00-00 00 00 00 00 00 00 00 ................
01:11:12.127653 0000000001836f30/0040: 00 00 00 00 00 00 00 00-00 00 00 00 00 00 00 00 ................
01:11:12.127656 0000000001836f40/0050: 00 00 00 00 00 00 00 00-00 00 00 00 00 00 00 00 ................
01:11:12.127659 0000000001836f50/0060: 00 00 00 00 00 00 00 00-00 00 00 00 00 00 00 00 ................
01:11:12.127662 0000000001836f60/0070: 00 00 00 00 00 00 00 00-00 00 00 00 00 00 00 00 ................
01:11:12.127664 0000000001836f70/0080: 00 00 00 00 00 00 00 00-00 00 00 00 00 00 00 00 ................
01:11:12.127667 0000000001836f80/0090: 00 00 00 00 00 00 00 00-00 00 00 00 00 00 00 00 ................
01:11:12.127669 0000000001836f90/00a0: 00 00 00 00 00 00 00 00-00 00 00 00 00 00 00 00 ................
01:11:12.127671 0000000001836fa0/00b0: 00 00 00 00 00 00 00 00-00 00 00 00 00 00 00 00 ................
01:11:12.127674 0000000001836fb0/00c0: 00 00 00 00 00 00 00 00-00 00 00 00 00 00 00 00 ................
01:11:12.127676 0000000001836fc0/00d0: 00 00 00 00 00 00 00 00-00 00 00 00 00 00 00 00 ................
01:11:12.127678 0000000001836fd0/00e0: 00 00 00 00 00 00 00 00-00 00 00 00 63 82 53 63 ............c.Sc
01:11:12.127682 0000000001836fe0/00f0: 36 04 c0 a8 38 64 35 01-05 01 04 ff ff ff 00 33 6...8d5........3
01:11:12.127685 0000000001836ff0/0100: 04 00 00 02 58 ff 00 00-00 00 00 00 00 00 00 00 ....X...........
01:11:12.127688 0000000001837000/0110: 00 00 00 00 00 00 00 00-00 00 00 00 00 00 00 00 ................
01:11:12.127690 0000000001837010/0120: 00 00 00 00 00 00 00 00-00 00 00 00 00 00 00 00 ................
01:11:12.127693 0000000001837020/0130: 00 00 00 00 00 00 00 00-00 00 00 00 00 00 00 00 ................
01:11:12.127696 0000000001837030/0140: 00 00 00 00 00 00 00 00-00 00 00 00 00 00 00 00 ................
01:11:12.127698 0000000001837040/0150: 00 00 00 00 00 00 00 00-00 00 00 00 00 00 00 00 ................
01:11:12.127701 0000000001837050/0160: 00 00 00 00 00 00 00 00-00 00 00 00 00 00 00 00 ................
01:11:12.127703 0000000001837060/0170: 00 00 00 00 00 00 00 00-00 00 00 00 00 00 00 00 ................
01:11:12.127705 0000000001837070/0180: 00 00 00 00 00 00 00 00-00 00 00 00 00 00 00 00 ................
01:11:12.127708 0000000001837080/0190: 00 00 00 00 00 00 00 00-00 00 00 00 00 00 00 00 ................
01:11:12.127710 0000000001837090/01a0: 00 00 00 00 00 00 00 00-00 00 00 00 00 00 00 00 ................
01:11:12.127712 00000000018370a0/01b0: 00 00 00 00 00 00 00 00-00 00 00 00 00 00 00 00 ................
01:11:12.127715 00000000018370b0/01c0: 00 00 00 00 00 00 00 00-00 00 00 00 00 00 00 00 ................
01:11:12.127721 00000000018370c0/01d0: 00 00 00 00 00 00 00 00-00 00 00 00 00 00 00 00 ................
01:11:12.127723 00000000018370d0/01e0: 00 00 00 00 00 00 00 00-00 00 00 00 00 00 00 00 ................
01:11:12.127725 00000000018370e0/01f0: 00 00 00 00 00 00 00 00-00 00 00 00 00 00 00 00 ................
01:11:12.127727 00000000018370f0/0200: 00 00 00 00 00 00 00 00-00 00 00 00 00 00 00 00 ................
01:11:12.127729 0000000001837100/0210: 00 00 00 00 00 00 00 00-00 00 00 00 00 00 00 00 ................
01:11:12.127730 0000000001837110/0220: 00 00 00 00                                     ....
